Arguments: 
  D:\nodejs\node.exe D:\Node.js\node_global\node_modules\yarn\bin\yarn.js init

PATH: 
  C:\Users\11714\bin;C:\Git\mingw64\bin;C:\Git\usr\local\bin;C:\Git\usr\bin;C:\Git\usr\bin;C:\Git\mingw64\bin;C:\Git\usr\bin;C:\Users\11714\bin;C:\Python39\Scripts;C:\Python39;C:\ProgramData\Oracle\Java\javapath;C:\Program Files (x86)\Intel\Intel(R) Management Engine Components\iCLS;C:\Program Files\Intel\Intel(R) Management Engine Components\iCLS;C:\Windows\system32;C:\Windows;C:\Windows\System32\Wbem;C:\Windows\System32\WindowsPowerShell\v1.0;C:\Windows\System32\OpenSSH;C:\Program Files (x86)\Intel\Intel(R) Management Engine Components\DAL;C:\Program Files\Intel\Intel(R) Management Engine Components\DAL;C:\Program Files (x86)\Intel\Intel(R) Management Engine Components\IPT;C:\Program Files\Intel\Intel(R) Management Engine Components\IPT;C:\Program Files (x86)\NVIDIA Corporation\PhysX\Common;D:\nodejs;C:\Program Files\Java\jre1.8.0_161\bin;C:\Program Files\Java\jre1.8.0_161\jre\bin;D:\Node.js\node_global;C:\WINDOWS\system32;C:\WINDOWS;C:\WINDOWS\System32\Wbem;C:\WINDOWS\System32\WindowsPowerShell\v1.0;C:\WINDOWS\System32\OpenSSH;D:\mysql-5.7.26-winx64\bin;C:\ProgramData\chocolatey\bin;D:\nodejs;C:\Git\cmd;C:\Users\11714\AppData\Local\Programs\Python\Python37-32\Scripts;C:\Users\11714\AppData\Local\Programs\Python\Python37-32;C:\Users\11714\AppData\Local\Microsoft\WindowsApps;C:\vacode\Microsoft VS Code\bin;C:\Program Files\JetBrains\IntelliJ IDEA 2019.2\bin;C:\Users\11714\Desktop\Git;C:\Users\11714\AppData\Roaming\npm;C:\Git\usr\bin\vendor_perl;C:\Git\usr\bin\core_perl

Yarn version: 
  1.22.10

Node version: 
  14.16.1

Platform: 
  win32 x64

Trace: 
  Error: Can't answer a question unless a user TTY
      at ConsoleReporter.question (D:\Node.js\node_global\node_modules\yarn\lib\cli.js:96361:59)
      at Object.<anonymous> (D:\Node.js\node_global\node_modules\yarn\lib\cli.js:88636:38)
      at Generator.next (<anonymous>)
      at step (D:\Node.js\node_global\node_modules\yarn\lib\cli.js:310:30)
      at D:\Node.js\node_global\node_modules\yarn\lib\cli.js:321:13

npm manifest: 
  No manifest

yarn manifest: 
  No manifest

Lockfile: 
  No lockfile
